<?xml version="1.0" encoding="UTF-8"?>
<testsuite xmlns:xsi="http://www.w3.org/2001/XMLSchema-instance" xsi:noNamespaceSchemaLocation="https://maven.apache.org/surefire/maven-surefire-plugin/xsd/surefire-test-report-3.0.xsd" version="3.0" name="org.broox.space.WebCrawlerTest" time="0.941" tests="8" errors="0" skipped="0" failures="0">
  <properties>
    <property name="java.specification.version" value="21"/>
    <property name="sun.jnu.encoding" value="UTF-8"/>
    <property name="java.class.path" value="/home/broox/WebCrawler/WebCrawler/target/test-classes:/home/broox/WebCrawler/WebCrawler/target/classes:/home/broox/.m2/repository/org/jsoup/jsoup/1.21.2/jsoup-1.21.2.jar:/home/broox/.m2/repository/redis/clients/jedis/6.1.0/jedis-6.1.0.jar:/home/broox/.m2/repository/org/slf4j/slf4j-api/1.7.36/slf4j-api-1.7.36.jar:/home/broox/.m2/repository/org/apache/commons/commons-pool2/2.12.1/commons-pool2-2.12.1.jar:/home/broox/.m2/repository/org/json/json/20250517/json-20250517.jar:/home/broox/.m2/repository/com/google/code/gson/gson/2.13.1/gson-2.13.1.jar:/home/broox/.m2/repository/com/google/errorprone/error_prone_annotations/2.38.0/error_prone_annotations-2.38.0.jar:/home/broox/.m2/repository/redis/clients/authentication/redis-authx-core/0.1.1-beta2/redis-authx-core-0.1.1-beta2.jar:/home/broox/.m2/repository/junit/junit/4.13.2/junit-4.13.2.jar:/home/broox/.m2/repository/org/hamcrest/hamcrest-core/1.3/hamcrest-core-1.3.jar:/home/broox/.m2/repository/org/mockito/mockito-core/5.4.0/mockito-core-5.4.0.jar:/home/broox/.m2/repository/net/bytebuddy/byte-buddy/1.14.5/byte-buddy-1.14.5.jar:/home/broox/.m2/repository/net/bytebuddy/byte-buddy-agent/1.14.5/byte-buddy-agent-1.14.5.jar:/home/broox/.m2/repository/org/objenesis/objenesis/3.3/objenesis-3.3.jar:/home/broox/.m2/repository/com/googlecode/json-simple/json-simple/1.1.1/json-simple-1.1.1.jar:"/>
    <property name="java.vm.vendor" value="Ubuntu"/>
    <property name="sun.arch.data.model" value="64"/>
    <property name="java.vendor.url" value="https://ubuntu.com/"/>
    <property name="os.name" value="Linux"/>
    <property name="java.vm.specification.version" value="21"/>
    <property name="sun.java.launcher" value="SUN_STANDARD"/>
    <property name="sun.boot.library.path" value="/usr/lib/jvm/java-21-openjdk-amd64/lib"/>
    <property name="sun.java.command" value="/home/broox/WebCrawler/WebCrawler/target/surefire/surefirebooter-20250915044643383_3.jar /home/broox/WebCrawler/WebCrawler/target/surefire 2025-09-15T04-46-43_328-jvmRun1 surefire-20250915044643383_1tmp surefire_0-20250915044643383_2tmp"/>
    <property name="jdk.debug" value="release"/>
    <property name="surefire.test.class.path" value="/home/broox/WebCrawler/WebCrawler/target/test-classes:/home/broox/WebCrawler/WebCrawler/target/classes:/home/broox/.m2/repository/org/jsoup/jsoup/1.21.2/jsoup-1.21.2.jar:/home/broox/.m2/repository/redis/clients/jedis/6.1.0/jedis-6.1.0.jar:/home/broox/.m2/repository/org/slf4j/slf4j-api/1.7.36/slf4j-api-1.7.36.jar:/home/broox/.m2/repository/org/apache/commons/commons-pool2/2.12.1/commons-pool2-2.12.1.jar:/home/broox/.m2/repository/org/json/json/20250517/json-20250517.jar:/home/broox/.m2/repository/com/google/code/gson/gson/2.13.1/gson-2.13.1.jar:/home/broox/.m2/repository/com/google/errorprone/error_prone_annotations/2.38.0/error_prone_annotations-2.38.0.jar:/home/broox/.m2/repository/redis/clients/authentication/redis-authx-core/0.1.1-beta2/redis-authx-core-0.1.1-beta2.jar:/home/broox/.m2/repository/junit/junit/4.13.2/junit-4.13.2.jar:/home/broox/.m2/repository/org/hamcrest/hamcrest-core/1.3/hamcrest-core-1.3.jar:/home/broox/.m2/repository/org/mockito/mockito-core/5.4.0/mockito-core-5.4.0.jar:/home/broox/.m2/repository/net/bytebuddy/byte-buddy/1.14.5/byte-buddy-1.14.5.jar:/home/broox/.m2/repository/net/bytebuddy/byte-buddy-agent/1.14.5/byte-buddy-agent-1.14.5.jar:/home/broox/.m2/repository/org/objenesis/objenesis/3.3/objenesis-3.3.jar:/home/broox/.m2/repository/com/googlecode/json-simple/json-simple/1.1.1/json-simple-1.1.1.jar:"/>
    <property name="sun.cpu.endian" value="little"/>
    <property name="user.home" value="/home/broox"/>
    <property name="user.language" value="en"/>
    <property name="java.specification.vendor" value="Oracle Corporation"/>
    <property name="java.version.date" value="2025-07-15"/>
    <property name="java.home" value="/usr/lib/jvm/java-21-openjdk-amd64"/>
    <property name="file.separator" value="/"/>
    <property name="basedir" value="/home/broox/WebCrawler/WebCrawler"/>
    <property name="java.vm.compressedOopsMode" value="32-bit"/>
    <property name="line.separator" value="&#10;"/>
    <property name="java.vm.specification.vendor" value="Oracle Corporation"/>
    <property name="java.specification.name" value="Java Platform API Specification"/>
    <property name="surefire.real.class.path" value="/home/broox/WebCrawler/WebCrawler/target/surefire/surefirebooter-20250915044643383_3.jar"/>
    <property name="sun.management.compiler" value="HotSpot 64-Bit Tiered Compilers"/>
    <property name="java.runtime.version" value="21.0.8+9-Ubuntu-0ubuntu124.04.1"/>
    <property name="user.name" value="broox"/>
    <property name="stdout.encoding" value="UTF-8"/>
    <property name="path.separator" value=":"/>
    <property name="os.version" value="6.6.87.2-microsoft-standard-WSL2"/>
    <property name="java.runtime.name" value="OpenJDK Runtime Environment"/>
    <property name="file.encoding" value="UTF-8"/>
    <property name="java.vm.name" value="OpenJDK 64-Bit Server VM"/>
    <property name="localRepository" value="/home/broox/.m2/repository"/>
    <property name="java.vendor.url.bug" value="https://bugs.launchpad.net/ubuntu/+source/openjdk-21"/>
    <property name="java.io.tmpdir" value="/tmp"/>
    <property name="java.version" value="21.0.8"/>
    <property name="user.dir" value="/home/broox/WebCrawler/WebCrawler"/>
    <property name="os.arch" value="amd64"/>
    <property name="java.vm.specification.name" value="Java Virtual Machine Specification"/>
    <property name="native.encoding" value="UTF-8"/>
    <property name="java.library.path" value="/usr/java/packages/lib:/usr/lib/x86_64-linux-gnu/jni:/lib/x86_64-linux-gnu:/usr/lib/x86_64-linux-gnu:/usr/lib/jni:/lib:/usr/lib"/>
    <property name="stderr.encoding" value="UTF-8"/>
    <property name="java.vm.info" value="mixed mode, sharing"/>
    <property name="java.vendor" value="Ubuntu"/>
    <property name="java.vm.version" value="21.0.8+9-Ubuntu-0ubuntu124.04.1"/>
    <property name="sun.io.unicode.encoding" value="UnicodeLittle"/>
    <property name="java.class.version" value="65.0"/>
  </properties>
  <testcase name="wheSearchBreadthTooLarge_assertNewThrowsIllegalArgumentException" classname="org.broox.space.WebCrawlerTest" time="0.224">
    <system-err><![CDATA[WARNING: A Java agent has been loaded dynamically (/home/broox/.m2/repository/net/bytebuddy/byte-buddy-agent/1.14.5/byte-buddy-agent-1.14.5.jar)
WARNING: If a serviceability tool is in use, please run with -XX:+EnableDynamicAgentLoading to hide this warning
WARNING: If a serviceability tool is not in use, please run with -Djdk.instrument.traceUsage for more information
WARNING: Dynamic loading of agents will be disallowed by default in a future release
]]></system-err>
  </testcase>
  <testcase name="testSmallDepth" classname="org.broox.space.WebCrawlerTest" time="0.041">
    <system-out><![CDATA[Bloom filter set for 0 entries.
Starting search depth level: 0.
- - - - - - - - - - - - - - - 
Items in queue: 1.
Unique items found: 0.
Current queue throughput: 0.
- - - - - - - - - - - - - - - 
Current load factor: 0.00.
Ratio with target load: 0.00.
- - - - - - - - - - - - - - - 
Next URL in queue: 1.
- - - - - - - - - - - - - - - 
- - - - - - - - - - - - - - - 
Starting search depth level: 1.
- - - - - - - - - - - - - - - 
Items in queue: 4.
Unique items found: 0.
Current queue throughput: 1.
- - - - - - - - - - - - - - - 
Current load factor: 0.00.
Ratio with target load: 0.00.
- - - - - - - - - - - - - - - 
Next URL in queue: 2.
- - - - - - - - - - - - - - - 
- - - - - - - - - - - - - - - 
Crawl Done.
]]></system-out>
  </testcase>
  <testcase name="testSmallQueue" classname="org.broox.space.WebCrawlerTest" time="0.023">
    <system-out><![CDATA[Bloom filter set for 0 entries.
Starting search depth level: 0.
- - - - - - - - - - - - - - - 
Items in queue: 1.
Unique items found: 0.
Current queue throughput: 0.
- - - - - - - - - - - - - - - 
Current load factor: 0.00.
Ratio with target load: 0.00.
- - - - - - - - - - - - - - - 
Next URL in queue: 1.
- - - - - - - - - - - - - - - 
- - - - - - - - - - - - - - - 
Starting search depth level: 1.
- - - - - - - - - - - - - - - 
Items in queue: 3.
Unique items found: 0.
Current queue throughput: 1.
- - - - - - - - - - - - - - - 
Current load factor: 0.00.
Ratio with target load: 0.00.
- - - - - - - - - - - - - - - 
Next URL in queue: 2.
- - - - - - - - - - - - - - - 
- - - - - - - - - - - - - - - 
Starting search depth level: 2.
- - - - - - - - - - - - - - - 
Items in queue: 3.
Unique items found: 0.
Current queue throughput: 4.
- - - - - - - - - - - - - - - 
Current load factor: 0.00.
Ratio with target load: 0.00.
- - - - - - - - - - - - - - - 
Next URL in queue: 5.
- - - - - - - - - - - - - - - 
- - - - - - - - - - - - - - - 
Starting search depth level: 3.
- - - - - - - - - - - - - - - 
Items in queue: 2.
Unique items found: 0.
Current queue throughput: 7.
- - - - - - - - - - - - - - - 
Current load factor: 0.00.
Ratio with target load: 0.00.
- - - - - - - - - - - - - - - 
Next URL in queue: 7.
- - - - - - - - - - - - - - - 
- - - - - - - - - - - - - - - 
Crawl Done.
]]></system-out>
  </testcase>
  <testcase name="testNormalTraversal" classname="org.broox.space.WebCrawlerTest" time="0.028">
    <system-out><![CDATA[Bloom filter set for 0 entries.
Starting search depth level: 0.
- - - - - - - - - - - - - - - 
Items in queue: 1.
Unique items found: 0.
Current queue throughput: 0.
- - - - - - - - - - - - - - - 
Current load factor: 0.00.
Ratio with target load: 0.00.
- - - - - - - - - - - - - - - 
Next URL in queue: 1.
- - - - - - - - - - - - - - - 
- - - - - - - - - - - - - - - 
Starting search depth level: 1.
- - - - - - - - - - - - - - - 
Items in queue: 4.
Unique items found: 0.
Current queue throughput: 1.
- - - - - - - - - - - - - - - 
Current load factor: 0.00.
Ratio with target load: 0.00.
- - - - - - - - - - - - - - - 
Next URL in queue: 2.
- - - - - - - - - - - - - - - 
- - - - - - - - - - - - - - - 
Starting search depth level: 2.
- - - - - - - - - - - - - - - 
Items in queue: 6.
Unique items found: 0.
Current queue throughput: 5.
- - - - - - - - - - - - - - - 
Current load factor: 0.00.
Ratio with target load: 0.00.
- - - - - - - - - - - - - - - 
Next URL in queue: 1.
- - - - - - - - - - - - - - - 
- - - - - - - - - - - - - - - 
Crawl Done.
]]></system-out>
  </testcase>
  <testcase name="whenSuppliedFilterJustBigEnough_assertNewDoesNotThrowAnyException" classname="org.broox.space.WebCrawlerTest" time="0.004">
    <system-out><![CDATA[Bloom filter set for 0 entries.
]]></system-out>
  </testcase>
  <testcase name="wheSearchVolumeTooLarge_assertNewThrowsIllegalArgumentException" classname="org.broox.space.WebCrawlerTest" time="0.004"/>
  <testcase name="testNodeSkip" classname="org.broox.space.WebCrawlerTest" time="0.017">
    <system-out><![CDATA[Bloom filter set for 0 entries.
Starting search depth level: 0.
- - - - - - - - - - - - - - - 
Items in queue: 1.
Unique items found: 0.
Current queue throughput: 0.
- - - - - - - - - - - - - - - 
Current load factor: 0.00.
Ratio with target load: 0.00.
- - - - - - - - - - - - - - - 
Next URL in queue: 1.
- - - - - - - - - - - - - - - 
- - - - - - - - - - - - - - - 
Starting search depth level: 1.
- - - - - - - - - - - - - - - 
Items in queue: 3.
Unique items found: 0.
Current queue throughput: 1.
- - - - - - - - - - - - - - - 
Current load factor: 0.00.
Ratio with target load: 0.00.
- - - - - - - - - - - - - - - 
Next URL in queue: 3.
- - - - - - - - - - - - - - - 
- - - - - - - - - - - - - - - 
Starting search depth level: 2.
- - - - - - - - - - - - - - - 
Items in queue: 4.
Unique items found: 0.
Current queue throughput: 4.
- - - - - - - - - - - - - - - 
Current load factor: 0.00.
Ratio with target load: 0.00.
- - - - - - - - - - - - - - - 
Next URL in queue: 5.
- - - - - - - - - - - - - - - 
- - - - - - - - - - - - - - - 
Starting search depth level: 3.
- - - - - - - - - - - - - - - 
Items in queue: 1.
Unique items found: 0.
Current queue throughput: 8.
- - - - - - - - - - - - - - - 
Current load factor: 0.00.
Ratio with target load: 0.00.
- - - - - - - - - - - - - - - 
Next URL in queue: 7.
- - - - - - - - - - - - - - - 
- - - - - - - - - - - - - - - 
Crawl Done.
]]></system-out>
  </testcase>
  <testcase name="whenSuppliedFilterIsTooSmall_assertNewThrowsIllegalArgumentException" classname="org.broox.space.WebCrawlerTest" time="0.002"/>
</testsuite>